C:\Program Files\Microsoft Visual Studio\2022\Community\MSBuild\Microsoft\VC\v170\Microsoft.CppBuild.targets(531,5): warning MSB8028: The intermediate directory (x64\Debug\) contains files shared from another project (CycleSearcher.vcxproj).  This can lead to incorrect clean and rebuild behavior.
  Cell.cpp
C:\Users\sasha\OneDrive\Рабочий стол\CURSEWORK\CycleSearcher\FordFalersonAlgorithm.h(28,25): warning C4677: 'vertexList': signature of non-private member contains assembly private type 'LinkedList'
  (compiling source file 'Cell.cpp')
  C:\Users\sasha\OneDrive\Рабочий стол\CURSEWORK\CycleSearcher\LinkedList.h(7,11):
  see declaration of 'LinkedList'
  
C:\Users\sasha\OneDrive\Рабочий стол\CURSEWORK\CycleSearcher\FordFalersonAlgorithm.h(29,21): warning C4677: 'edgeList': signature of non-private member contains assembly private type 'EdgeList'
  (compiling source file 'Cell.cpp')
  C:\Users\sasha\OneDrive\Рабочий стол\CURSEWORK\CycleSearcher\EdgeList.h(7,11):
  see declaration of 'EdgeList'
  
C:\Users\sasha\OneDrive\Рабочий стол\CURSEWORK\CycleSearcher\FordFalersonAlgorithm.h(596,52): warning C4244: 'argument': conversion from '__int64' to 'int', possible loss of data
  (compiling source file 'Cell.cpp')
  
C:\Users\sasha\OneDrive\Рабочий стол\CURSEWORK\CycleSearcher\FordFalersonAlgorithm.h(596,38): warning C4244: 'argument': conversion from '__int64' to 'int', possible loss of data
  (compiling source file 'Cell.cpp')
  
C:\Users\sasha\OneDrive\Рабочий стол\CURSEWORK\CycleSearcher\FordFalersonAlgorithm.h(734,6): warning C4101: 'a': unreferenced local variable
  (compiling source file 'Cell.cpp')
  
  FordFalersonAlgorithm.cpp
C:\Users\sasha\OneDrive\Рабочий стол\CURSEWORK\CycleSearcher\FordFalersonAlgorithm.h(28,25): warning C4677: 'vertexList': signature of non-private member contains assembly private type 'LinkedList'
  (compiling source file 'FordFalersonAlgorithm.cpp')
  C:\Users\sasha\OneDrive\Рабочий стол\CURSEWORK\CycleSearcher\LinkedList.h(7,11):
  see declaration of 'LinkedList'
  
C:\Users\sasha\OneDrive\Рабочий стол\CURSEWORK\CycleSearcher\FordFalersonAlgorithm.h(29,21): warning C4677: 'edgeList': signature of non-private member contains assembly private type 'EdgeList'
  (compiling source file 'FordFalersonAlgorithm.cpp')
  C:\Users\sasha\OneDrive\Рабочий стол\CURSEWORK\CycleSearcher\EdgeList.h(7,11):
  see declaration of 'EdgeList'
  
C:\Users\sasha\OneDrive\Рабочий стол\CURSEWORK\CycleSearcher\FordFalersonAlgorithm.h(596,52): warning C4244: 'argument': conversion from '__int64' to 'int', possible loss of data
  (compiling source file 'FordFalersonAlgorithm.cpp')
  
C:\Users\sasha\OneDrive\Рабочий стол\CURSEWORK\CycleSearcher\FordFalersonAlgorithm.h(596,38): warning C4244: 'argument': conversion from '__int64' to 'int', possible loss of data
  (compiling source file 'FordFalersonAlgorithm.cpp')
  
C:\Users\sasha\OneDrive\Рабочий стол\CURSEWORK\CycleSearcher\FordFalersonAlgorithm.h(734,6): warning C4101: 'a': unreferenced local variable
  (compiling source file 'FordFalersonAlgorithm.cpp')
  
  Generating Code...
  Cell.obj : MSIL module encountered; incremental linking is disabled for MSIL; performing full link
  CycleSearcher.vcxproj -> C:\Users\sasha\OneDrive\Рабочий стол\CURSEWORK\x64\Debug\FordFalersonAlgorithm.exe
