c:\users\sasha\onedrive\рабочий стол\cursework\cyclesearcher\x64\debug\vc143.pdb
c:\users\sasha\onedrive\рабочий стол\cursework\cyclesearcher\x64\debug\.netframework,version=v4.7.2.assemblyattributes.obj
c:\users\sasha\onedrive\рабочий стол\cursework\cyclesearcher\x64\debug\vertexlist.obj
c:\users\sasha\onedrive\рабочий стол\cursework\cyclesearcher\x64\debug\edgelist.obj
c:\users\sasha\onedrive\рабочий стол\cursework\cyclesearcher\x64\debug\edge.obj
c:\users\sasha\onedrive\рабочий стол\cursework\cyclesearcher\x64\debug\fordfalersonalgorithm.obj
c:\users\sasha\onedrive\рабочий стол\cursework\cyclesearcher\x64\debug\vertex.obj
c:\users\sasha\onedrive\рабочий стол\cursework\x64\debug\fordfalersonalgorithm.exe
c:\users\sasha\onedrive\рабочий стол\cursework\x64\debug\fordfalersonalgorithm.pdb
c:\users\sasha\onedrive\рабочий стол\cursework\cyclesearcher\x64\debug\fordfale.c5b50320.tlog\cl.command.1.tlog
c:\users\sasha\onedrive\рабочий стол\cursework\cyclesearcher\x64\debug\fordfale.c5b50320.tlog\cl.items.tlog
c:\users\sasha\onedrive\рабочий стол\cursework\cyclesearcher\x64\debug\fordfale.c5b50320.tlog\cl.read.1.tlog
c:\users\sasha\onedrive\рабочий стол\cursework\cyclesearcher\x64\debug\fordfale.c5b50320.tlog\cl.write.1.tlog
c:\users\sasha\onedrive\рабочий стол\cursework\cyclesearcher\x64\debug\fordfale.c5b50320.tlog\link.command.1.tlog
c:\users\sasha\onedrive\рабочий стол\cursework\cyclesearcher\x64\debug\fordfale.c5b50320.tlog\link.read.1.tlog
c:\users\sasha\onedrive\рабочий стол\cursework\cyclesearcher\x64\debug\fordfale.c5b50320.tlog\link.write.1.tlog
c:\users\sasha\onedrive\рабочий стол\cursework\cyclesearcher\x64\debug\fordfale.c5b50320.tlog\metagen.read.1.tlog
c:\users\sasha\onedrive\рабочий стол\cursework\cyclesearcher\x64\debug\fordfale.c5b50320.tlog\metagen.write.1.tlog
c:\users\sasha\onedrive\рабочий стол\cursework\cyclesearcher\x64\debug\fordfale.c5b50320.tlog\resgen.command.1.tlog
c:\users\sasha\onedrive\рабочий стол\cursework\cyclesearcher\x64\debug\fordfale.c5b50320.tlog\resgen.read.1.tlog
c:\users\sasha\onedrive\рабочий стол\cursework\cyclesearcher\x64\debug\fordfale.c5b50320.tlog\resgen.write.1.tlog
